# JRE version: Java(TM) SE Runtime Environment (8.0_45-b15) (build 1.8.0_45-b15)
# Java VM: Java HotSpot(TM) 64-Bit Server VM (25.45-b02 mixed mode windows-amd64 compressed oops)
Heap:
 PSYoungGen      total 177664K, used 39620K [0x00000000eab00000, 0x00000000f7100000, 0x0000000100000000)
  eden space 152576K, 13% used [0x00000000eab00000,0x00000000ebedc7c8,0x00000000f4000000)
  from space 25088K, 76% used [0x00000000f5880000,0x00000000f6b54990,0x00000000f7100000)
  to   space 22528K, 0% used [0x00000000f4000000,0x00000000f4000000,0x00000000f5600000)
 ParOldGen       total 129536K, used 84382K [0x00000000c0000000, 0x00000000c7e80000, 0x00000000eab00000)
  object space 129536K, 65% used [0x00000000c0000000,0x00000000c5267840,0x00000000c7e80000)
 Metaspace       used 66879K, capacity 71888K, committed 71976K, reserved 1110016K
  class space    used 9424K, capacity 11271K, committed 11304K, reserved 1048576K
GC Heap History (10 events):
Event: 570.676 GC heap before
{Heap before GC invocations=21 (full 4):
 PSYoungGen      total 152064K, used 11397K [0x00000000eab00000, 0x00000000f6c00000, 0x0000000100000000)
  eden space 130560K, 0% used [0x00000000eab00000,0x00000000eab00000,0x00000000f2a80000)
  from space 21504K, 53% used [0x00000000f2a80000,0x00000000f35a1788,0x00000000f3f80000)
  to   space 20992K, 0% used [0x00000000f5780000,0x00000000f5780000,0x00000000f6c00000)
 ParOldGen       total 74752K, used 65356K [0x00000000c0000000, 0x00000000c4900000, 0x00000000eab00000)
  object space 74752K, 87% used [0x00000000c0000000,0x00000000c3fd3038,0x00000000c4900000)
 Metaspace       used 55621K, capacity 59240K, committed 59560K, reserved 1099776K
  class space    used 7700K, capacity 9027K, committed 9128K, reserved 1048576K
Event: 571.154 GC heap after
Heap after GC invocations=21 (full 4):
 PSYoungGen      total 152064K, used 0K [0x00000000eab00000, 0x00000000f6c00000, 0x0000000100000000)
  eden space 130560K, 0% used [0x00000000eab00000,0x00000000eab00000,0x00000000f2a80000)
  from space 21504K, 0% used [0x00000000f2a80000,0x00000000f2a80000,0x00000000f3f80000)
  to   space 20992K, 0% used [0x00000000f5780000,0x00000000f5780000,0x00000000f6c00000)
 ParOldGen       total 129536K, used 70928K [0x00000000c0000000, 0x00000000c7e80000, 0x00000000eab00000)
  object space 129536K, 54% used [0x00000000c0000000,0x00000000c4544368,0x00000000c7e80000)
 Metaspace       used 55621K, capacity 59240K, committed 59560K, reserved 1099776K
  class space    used 7700K, capacity 9027K, committed 9128K, reserved 1048576K
}
Event: 572.712 GC heap before
{Heap before GC invocations=22 (full 4):
 PSYoungGen      total 152064K, used 130560K [0x00000000eab00000, 0x00000000f6c00000, 0x0000000100000000)
  eden space 130560K, 100% used [0x00000000eab00000,0x00000000f2a80000,0x00000000f2a80000)
  from space 21504K, 0% used [0x00000000f2a80000,0x00000000f2a80000,0x00000000f3f80000)
  to   space 20992K, 0% used [0x00000000f5780000,0x00000000f5780000,0x00000000f6c00000)
 ParOldGen       total 129536K, used 70928K [0x00000000c0000000, 0x00000000c7e80000, 0x00000000eab00000)
  object space 129536K, 54% used [0x00000000c0000000,0x00000000c4544368,0x00000000c7e80000)
 Metaspace       used 59542K, capacity 63555K, committed 63912K, reserved 1103872K
  class space    used 8340K, capacity 9788K, committed 9896K, reserved 1048576K
Event: 572.756 GC heap after
Heap after GC invocations=22 (full 4):
 PSYoungGen      total 173568K, used 17203K [0x00000000eab00000, 0x00000000f6c00000, 0x0000000100000000)
  eden space 152576K, 0% used [0x00000000eab00000,0x00000000eab00000,0x00000000f4000000)
  from space 20992K, 81% used [0x00000000f5780000,0x00000000f684cec0,0x00000000f6c00000)
  to   space 22528K, 0% used [0x00000000f4000000,0x00000000f4000000,0x00000000f5600000)
 ParOldGen       total 129536K, used 70936K [0x00000000c0000000, 0x00000000c7e80000, 0x00000000eab00000)
  object space 129536K, 54% used [0x00000000c0000000,0x00000000c4546368,0x00000000c7e80000)
 Metaspace       used 59542K, capacity 63555K, committed 63912K, reserved 1103872K
  class space    used 8340K, capacity 9788K, committed 9896K, reserved 1048576K
}
Event: 578.010 GC heap before
{Heap before GC invocations=23 (full 4):
 PSYoungGen      total 173568K, used 107103K [0x00000000eab00000, 0x00000000f6c00000, 0x0000000100000000)
  eden space 152576K, 58% used [0x00000000eab00000,0x00000000f02cadf0,0x00000000f4000000)
  from space 20992K, 81% used [0x00000000f5780000,0x00000000f684cec0,0x00000000f6c00000)
  to   space 22528K, 0% used [0x00000000f4000000,0x00000000f4000000,0x00000000f5600000)
 ParOldGen       total 129536K, used 70936K [0x00000000c0000000, 0x00000000c7e80000, 0x00000000eab00000)
  object space 129536K, 54% used [0x00000000c0000000,0x00000000c4546368,0x00000000c7e80000)
 Metaspace       used 61248K, capacity 65497K, committed 65832K, reserved 1105920K
  class space    used 8616K, capacity 10165K, committed 10280K, reserved 1048576K
Event: 578.037 GC heap after
Heap after GC invocations=23 (full 4):
 PSYoungGen      total 175104K, used 20328K [0x00000000eab00000, 0x00000000f7100000, 0x0000000100000000)
  eden space 152576K, 0% used [0x00000000eab00000,0x00000000eab00000,0x00000000f4000000)
  from space 22528K, 90% used [0x00000000f4000000,0x00000000f53da2e8,0x00000000f5600000)
  to   space 25088K, 0% used [0x00000000f5880000,0x00000000f5880000,0x00000000f7100000)
 ParOldGen       total 129536K, used 70944K [0x00000000c0000000, 0x00000000c7e80000, 0x00000000eab00000)
  object space 129536K, 54% used [0x00000000c0000000,0x00000000c4548368,0x00000000c7e80000)
 Metaspace       used 61248K, capacity 65497K, committed 65832K, reserved 1105920K
  class space    used 8616K, capacity 10165K, committed 10280K, reserved 1048576K
}
Event: 578.037 GC heap before
{Heap before GC invocations=24 (full 5):
 PSYoungGen      total 175104K, used 20328K [0x00000000eab00000, 0x00000000f7100000, 0x0000000100000000)
  eden space 152576K, 0% used [0x00000000eab00000,0x00000000eab00000,0x00000000f4000000)
  from space 22528K, 90% used [0x00000000f4000000,0x00000000f53da2e8,0x00000000f5600000)
  to   space 25088K, 0% used [0x00000000f5880000,0x00000000f5880000,0x00000000f7100000)
 ParOldGen       total 129536K, used 70944K [0x00000000c0000000, 0x00000000c7e80000, 0x00000000eab00000)
  object space 129536K, 54% used [0x00000000c0000000,0x00000000c4548368,0x00000000c7e80000)
 Metaspace       used 61248K, capacity 65497K, committed 65832K, reserved 1105920K
  class space    used 8616K, capacity 10165K, committed 10280K, reserved 1048576K
Event: 578.620 GC heap after
Heap after GC invocations=24 (full 5):
 PSYoungGen      total 175104K, used 0K [0x00000000eab00000, 0x00000000f7100000, 0x0000000100000000)
  eden space 152576K, 0% used [0x00000000eab00000,0x00000000eab00000,0x00000000f4000000)
  from space 22528K, 0% used [0x00000000f4000000,0x00000000f4000000,0x00000000f5600000)
  to   space 25088K, 0% used [0x00000000f5880000,0x00000000f5880000,0x00000000f7100000)
 ParOldGen       total 129536K, used 84374K [0x00000000c0000000, 0x00000000c7e80000, 0x00000000eab00000)
  object space 129536K, 65% used [0x00000000c0000000,0x00000000c5265840,0x00000000c7e80000)
 Metaspace       used 61248K, capacity 65497K, committed 65832K, reserved 1105920K
  class space    used 8616K, capacity 10165K, committed 10280K, reserved 1048576K
}
Event: 3525.232 GC heap before
{Heap before GC invocations=25 (full 5):
 PSYoungGen      total 175104K, used 152576K [0x00000000eab00000, 0x00000000f7100000, 0x0000000100000000)
  eden space 152576K, 100% used [0x00000000eab00000,0x00000000f4000000,0x00000000f4000000)
  from space 22528K, 0% used [0x00000000f4000000,0x00000000f4000000,0x00000000f5600000)
  to   space 25088K, 0% used [0x00000000f5880000,0x00000000f5880000,0x00000000f7100000)
 ParOldGen       total 129536K, used 84374K [0x00000000c0000000, 0x00000000c7e80000, 0x00000000eab00000)
  object space 129536K, 65% used [0x00000000c0000000,0x00000000c5265840,0x00000000c7e80000)
 Metaspace       used 66272K, capacity 71213K, committed 71336K, reserved 1110016K
  class space    used 9330K, capacity 11127K, committed 11176K, reserved 1048576K
Event: 3525.259 GC heap after
Heap after GC invocations=25 (full 5):
 PSYoungGen      total 177664K, used 19282K [0x00000000eab00000, 0x00000000f7100000, 0x0000000100000000)
  eden space 152576K, 0% used [0x00000000eab00000,0x00000000eab00000,0x00000000f4000000)
  from space 25088K, 76% used [0x00000000f5880000,0x00000000f6b54990,0x00000000f7100000)
  to   space 22528K, 0% used [0x00000000f4000000,0x00000000f4000000,0x00000000f5600000)
 ParOldGen       total 129536K, used 84382K [0x00000000c0000000, 0x00000000c7e80000, 0x00000000eab00000)
  object space 129536K, 65% used [0x00000000c0000000,0x00000000c5267840,0x00000000c7e80000)
 Metaspace       used 66272K, capacity 71213K, committed 71336K, reserved 1110016K
  class space    used 9330K, capacity 11127K, committed 11176K, reserved 1048576K
}

