# JRE version: Java(TM) SE Runtime Environment (8.0_45-b15) (build 1.8.0_45-b15)
# Java VM: Java HotSpot(TM) 64-Bit Server VM (25.45-b02 mixed mode windows-amd64 compressed oops)
Heap:
 PSYoungGen      total 261632K, used 113052K [0x00000000eab00000, 0x00000000fc700000, 0x0000000100000000)
  eden space 238592K, 47% used [0x00000000eab00000,0x00000000f1967120,0x00000000f9400000)
  from space 23040K, 0% used [0x00000000fac80000,0x00000000fac80000,0x00000000fc300000)
  to   space 25088K, 0% used [0x00000000f9400000,0x00000000f9400000,0x00000000fac80000)
 ParOldGen       total 69632K, used 45556K [0x00000000c0000000, 0x00000000c4400000, 0x00000000eab00000)
  object space 69632K, 65% used [0x00000000c0000000,0x00000000c2c7d070,0x00000000c4400000)
 Metaspace       used 49419K, capacity 52157K, committed 52392K, reserved 1093632K
  class space    used 6799K, capacity 7832K, committed 7848K, reserved 1048576K
GC Heap History (10 events):
Event: 17.063 GC heap before
{Heap before GC invocations=9 (full 1):
 PSYoungGen      total 137728K, used 109175K [0x00000000eab00000, 0x00000000f7b80000, 0x0000000100000000)
  eden space 128512K, 77% used [0x00000000eab00000,0x00000000f0ca5e90,0x00000000f2880000)
  from space 9216K, 99% used [0x00000000f2880000,0x00000000f3178010,0x00000000f3180000)
  to   space 14848K, 0% used [0x00000000f6d00000,0x00000000f6d00000,0x00000000f7b80000)
 ParOldGen       total 40448K, used 22912K [0x00000000c0000000, 0x00000000c2780000, 0x00000000eab00000)
  object space 40448K, 56% used [0x00000000c0000000,0x00000000c16602f8,0x00000000c2780000)
 Metaspace       used 34030K, capacity 35430K, committed 35496K, reserved 1079296K
  class space    used 4725K, capacity 5251K, committed 5288K, reserved 1048576K
Event: 17.226 GC heap after
Heap after GC invocations=9 (full 1):
 PSYoungGen      total 193536K, used 14848K [0x00000000eab00000, 0x00000000f9f00000, 0x0000000100000000)
  eden space 178688K, 0% used [0x00000000eab00000,0x00000000eab00000,0x00000000f5980000)
  from space 14848K, 100% used [0x00000000f6d00000,0x00000000f7b80000,0x00000000f7b80000)
  to   space 19968K, 0% used [0x00000000f5980000,0x00000000f5980000,0x00000000f6d00000)
 ParOldGen       total 40448K, used 28677K [0x00000000c0000000, 0x00000000c2780000, 0x00000000eab00000)
  object space 40448K, 70% used [0x00000000c0000000,0x00000000c1c015c0,0x00000000c2780000)
 Metaspace       used 34030K, capacity 35430K, committed 35496K, reserved 1079296K
  class space    used 4725K, capacity 5251K, committed 5288K, reserved 1048576K
}
Event: 17.226 GC heap before
{Heap before GC invocations=10 (full 2):
 PSYoungGen      total 193536K, used 14848K [0x00000000eab00000, 0x00000000f9f00000, 0x0000000100000000)
  eden space 178688K, 0% used [0x00000000eab00000,0x00000000eab00000,0x00000000f5980000)
  from space 14848K, 100% used [0x00000000f6d00000,0x00000000f7b80000,0x00000000f7b80000)
  to   space 19968K, 0% used [0x00000000f5980000,0x00000000f5980000,0x00000000f6d00000)
 ParOldGen       total 40448K, used 28677K [0x00000000c0000000, 0x00000000c2780000, 0x00000000eab00000)
  object space 40448K, 70% used [0x00000000c0000000,0x00000000c1c015c0,0x00000000c2780000)
 Metaspace       used 34030K, capacity 35430K, committed 35496K, reserved 1079296K
  class space    used 4725K, capacity 5251K, committed 5288K, reserved 1048576K
Event: 17.651 GC heap after
Heap after GC invocations=10 (full 2):
 PSYoungGen      total 193536K, used 0K [0x00000000eab00000, 0x00000000f9f00000, 0x0000000100000000)
  eden space 178688K, 0% used [0x00000000eab00000,0x00000000eab00000,0x00000000f5980000)
  from space 14848K, 0% used [0x00000000f6d00000,0x00000000f6d00000,0x00000000f7b80000)
  to   space 19968K, 0% used [0x00000000f5980000,0x00000000f5980000,0x00000000f6d00000)
 ParOldGen       total 69632K, used 32715K [0x00000000c0000000, 0x00000000c4400000, 0x00000000eab00000)
  object space 69632K, 46% used [0x00000000c0000000,0x00000000c1ff2cf8,0x00000000c4400000)
 Metaspace       used 34030K, capacity 35430K, committed 35496K, reserved 1079296K
  class space    used 4725K, capacity 5251K, committed 5288K, reserved 1048576K
}
Event: 34.054 GC heap before
{Heap before GC invocations=11 (full 2):
 PSYoungGen      total 193536K, used 178688K [0x00000000eab00000, 0x00000000f9f00000, 0x0000000100000000)
  eden space 178688K, 100% used [0x00000000eab00000,0x00000000f5980000,0x00000000f5980000)
  from space 14848K, 0% used [0x00000000f6d00000,0x00000000f6d00000,0x00000000f7b80000)
  to   space 19968K, 0% used [0x00000000f5980000,0x00000000f5980000,0x00000000f6d00000)
 ParOldGen       total 69632K, used 32715K [0x00000000c0000000, 0x00000000c4400000, 0x00000000eab00000)
  object space 69632K, 46% used [0x00000000c0000000,0x00000000c1ff2cf8,0x00000000c4400000)
 Metaspace       used 44320K, capacity 46299K, committed 46632K, reserved 1089536K
  class space    used 6124K, capacity 6861K, committed 6952K, reserved 1048576K
Event: 34.107 GC heap after
Heap after GC invocations=11 (full 2):
 PSYoungGen      total 198656K, used 19936K [0x00000000eab00000, 0x00000000fc300000, 0x0000000100000000)
  eden space 178688K, 0% used [0x00000000eab00000,0x00000000eab00000,0x00000000f5980000)
  from space 19968K, 99% used [0x00000000f5980000,0x00000000f6cf8350,0x00000000f6d00000)
  to   space 23040K, 0% used [0x00000000fac80000,0x00000000fac80000,0x00000000fc300000)
 ParOldGen       total 69632K, used 32997K [0x00000000c0000000, 0x00000000c4400000, 0x00000000eab00000)
  object space 69632K, 47% used [0x00000000c0000000,0x00000000c20394b8,0x00000000c4400000)
 Metaspace       used 44320K, capacity 46299K, committed 46632K, reserved 1089536K
  class space    used 6124K, capacity 6861K, committed 6952K, reserved 1048576K
}
Event: 36.083 GC heap before
{Heap before GC invocations=12 (full 2):
 PSYoungGen      total 198656K, used 49310K [0x00000000eab00000, 0x00000000fc300000, 0x0000000100000000)
  eden space 178688K, 16% used [0x00000000eab00000,0x00000000ec7af668,0x00000000f5980000)
  from space 19968K, 99% used [0x00000000f5980000,0x00000000f6cf8350,0x00000000f6d00000)
  to   space 23040K, 0% used [0x00000000fac80000,0x00000000fac80000,0x00000000fc300000)
 ParOldGen       total 69632K, used 32997K [0x00000000c0000000, 0x00000000c4400000, 0x00000000eab00000)
  object space 69632K, 47% used [0x00000000c0000000,0x00000000c20394b8,0x00000000c4400000)
 Metaspace       used 45361K, capacity 47435K, committed 47528K, reserved 1089536K
  class space    used 6291K, capacity 7070K, committed 7080K, reserved 1048576K
Event: 36.112 GC heap after
Heap after GC invocations=12 (full 2):
 PSYoungGen      total 261632K, used 18646K [0x00000000eab00000, 0x00000000fc700000, 0x0000000100000000)
  eden space 238592K, 0% used [0x00000000eab00000,0x00000000eab00000,0x00000000f9400000)
  from space 23040K, 80% used [0x00000000fac80000,0x00000000fbeb59d0,0x00000000fc300000)
  to   space 25088K, 0% used [0x00000000f9400000,0x00000000f9400000,0x00000000fac80000)
 ParOldGen       total 69632K, used 33005K [0x00000000c0000000, 0x00000000c4400000, 0x00000000eab00000)
  object space 69632K, 47% used [0x00000000c0000000,0x00000000c203b4b8,0x00000000c4400000)
 Metaspace       used 45361K, capacity 47435K, committed 47528K, reserved 1089536K
  class space    used 6291K, capacity 7070K, committed 7080K, reserved 1048576K
}
Event: 36.112 GC heap before
{Heap before GC invocations=13 (full 3):
 PSYoungGen      total 261632K, used 18646K [0x00000000eab00000, 0x00000000fc700000, 0x0000000100000000)
  eden space 238592K, 0% used [0x00000000eab00000,0x00000000eab00000,0x00000000f9400000)
  from space 23040K, 80% used [0x00000000fac80000,0x00000000fbeb59d0,0x00000000fc300000)
  to   space 25088K, 0% used [0x00000000f9400000,0x00000000f9400000,0x00000000fac80000)
 ParOldGen       total 69632K, used 33005K [0x00000000c0000000, 0x00000000c4400000, 0x00000000eab00000)
  object space 69632K, 47% used [0x00000000c0000000,0x00000000c203b4b8,0x00000000c4400000)
 Metaspace       used 45361K, capacity 47435K, committed 47528K, reserved 1089536K
  class space    used 6291K, capacity 7070K, committed 7080K, reserved 1048576K
Event: 36.565 GC heap after
Heap after GC invocations=13 (full 3):
 PSYoungGen      total 261632K, used 0K [0x00000000eab00000, 0x00000000fc700000, 0x0000000100000000)
  eden space 238592K, 0% used [0x00000000eab00000,0x00000000eab00000,0x00000000f9400000)
  from space 23040K, 0% used [0x00000000fac80000,0x00000000fac80000,0x00000000fc300000)
  to   space 25088K, 0% used [0x00000000f9400000,0x00000000f9400000,0x00000000fac80000)
 ParOldGen       total 69632K, used 45556K [0x00000000c0000000, 0x00000000c4400000, 0x00000000eab00000)
  object space 69632K, 65% used [0x00000000c0000000,0x00000000c2c7d070,0x00000000c4400000)
 Metaspace       used 45361K, capacity 47435K, committed 47528K, reserved 1089536K
  class space    used 6291K, capacity 7070K, committed 7080K, reserved 1048576K
}

